[INFO] Scanning for projects...
[INFO] 
[INFO] --------------------------< ru.rksp:kolegova >--------------------------
[INFO] Building kolegova 0.0.1-SNAPSHOT
[INFO]   from pom.xml
[INFO] --------------------------------[ jar ]---------------------------------
[INFO] 
[INFO] >>> spring-boot:3.5.7:run (default-cli) > test-compile @ kolegova >>>
[INFO] 
[INFO] --- resources:3.3.1:resources (default-resources) @ kolegova ---
[INFO] Copying 1 resource from src/main/resources to target/classes
[INFO] Copying 2 resources from src/main/resources to target/classes
[INFO] 
[INFO] --- compiler:3.14.1:compile (default-compile) @ kolegova ---
[INFO] Nothing to compile - all classes are up to date.
[INFO] 
[INFO] --- resources:3.3.1:testResources (default-testResources) @ kolegova ---
[INFO] skip non existing resourceDirectory /Users/juliakolegova/Downloads/kolegova/src/test/resources
[INFO] 
[INFO] --- compiler:3.14.1:testCompile (default-testCompile) @ kolegova ---
[INFO] Nothing to compile - all classes are up to date.
[INFO] 
[INFO] <<< spring-boot:3.5.7:run (default-cli) < test-compile @ kolegova <<<
[INFO] 
[INFO] 
[INFO] --- spring-boot:3.5.7:run (default-cli) @ kolegova ---
[INFO] Attaching agents: []

  .   ____          _            __ _ _
 /\\ / ___'_ __ _ _(_)_ __  __ _ \ \ \ \
( ( )\___ | '_ | '_| | '_ \/ _` | \ \ \ \
 \\/  ___)| |_)| | | | | || (_| |  ) ) ) )
  '  |____| .__|_| |_|_| |_\__, | / / / /
 =========|_|==============|___/=/_/_/_/

 :: Spring Boot ::                (v3.5.7)

2025-10-26T11:08:11.469+02:00  INFO 36874 --- [kolegova] [           main] ru.rksp.kolegova.KolegovaApplication     : Starting KolegovaApplication using Java 21.0.2 with PID 36874 (/Users/juliakolegova/Downloads/kolegova/target/classes started by juliakolegova in /Users/juliakolegova/Downloads/kolegova)
2025-10-26T11:08:11.470+02:00  INFO 36874 --- [kolegova] [           main] ru.rksp.kolegova.KolegovaApplication     : No active profile set, falling back to 1 default profile: "default"
2025-10-26T11:08:12.146+02:00  INFO 36874 --- [kolegova] [           main] .s.d.r.c.RepositoryConfigurationDelegate : Bootstrapping Spring Data JPA repositories in DEFAULT mode.
2025-10-26T11:08:12.164+02:00  INFO 36874 --- [kolegova] [           main] .s.d.r.c.RepositoryConfigurationDelegate : Finished Spring Data repository scanning in 6 ms. Found 0 JPA repository interfaces.
2025-10-26T11:08:12.420+02:00  INFO 36874 --- [kolegova] [           main] o.s.b.w.embedded.tomcat.TomcatWebServer  : Tomcat initialized with port 8080 (http)
2025-10-26T11:08:12.428+02:00  INFO 36874 --- [kolegova] [           main] o.apache.catalina.core.StandardService   : Starting service [Tomcat]
2025-10-26T11:08:12.428+02:00  INFO 36874 --- [kolegova] [           main] o.apache.catalina.core.StandardEngine    : Starting Servlet engine: [Apache Tomcat/10.1.48]
2025-10-26T11:08:12.452+02:00  INFO 36874 --- [kolegova] [           main] o.a.c.c.C.[Tomcat].[localhost].[/]       : Initializing Spring embedded WebApplicationContext
2025-10-26T11:08:12.453+02:00  INFO 36874 --- [kolegova] [           main] w.s.c.ServletWebServerApplicationContext : Root WebApplicationContext: initialization completed in 946 ms
2025-10-26T11:08:12.539+02:00  INFO 36874 --- [kolegova] [           main] com.zaxxer.hikari.HikariDataSource       : HikariPool-1 - Starting...
2025-10-26T11:08:12.666+02:00  INFO 36874 --- [kolegova] [           main] com.zaxxer.hikari.pool.HikariPool        : HikariPool-1 - Added connection org.postgresql.jdbc.PgConnection@17207f5b
2025-10-26T11:08:12.667+02:00  INFO 36874 --- [kolegova] [           main] com.zaxxer.hikari.HikariDataSource       : HikariPool-1 - Start completed.
2025-10-26T11:08:12.768+02:00  INFO 36874 --- [kolegova] [           main] liquibase.database                       : Set default schema name to public
2025-10-26T11:08:13.136+02:00  INFO 36874 --- [kolegova] [           main] liquibase.changelog                      : Reading from public.databasechangelog
2025-10-26T11:08:13.230+02:00  INFO 36874 --- [kolegova] [           main] liquibase.lockservice                    : Successfully acquired change log lock
2025-10-26T11:08:13.241+02:00  INFO 36874 --- [kolegova] [           main] liquibase.command                        : Using deploymentId: 1469692524
2025-10-26T11:08:13.242+02:00  INFO 36874 --- [kolegova] [           main] liquibase.changelog                      : Reading from public.databasechangelog
2025-10-26T11:08:13.246+02:00  INFO 36874 --- [kolegova] [           main] liquibase.ui                             : Running Changeset: db/changelog/scripts/change-log.xml::script1::kolegova
2025-10-26T11:08:13.274+02:00  WARN 36874 --- [kolegova] [           main] liquibase.executor                       : schema "utmn" already exists, skipping
2025-10-26T11:08:13.274+02:00  WARN 36874 --- [kolegova] [           main] liquibase.executor                       : relation "student" already exists, skipping
2025-10-26T11:08:13.274+02:00  INFO 36874 --- [kolegova] [           main] liquibase.changelog                      : SQL in file script1.sql executed
2025-10-26T11:08:13.275+02:00  INFO 36874 --- [kolegova] [           main] liquibase.changelog                      : ChangeSet db/changelog/scripts/change-log.xml::script1::kolegova ran successfully in 28ms
2025-10-26T11:08:13.287+02:00  INFO 36874 --- [kolegova] [           main] liquibase.util                           : UPDATE SUMMARY
2025-10-26T11:08:13.287+02:00  INFO 36874 --- [kolegova] [           main] liquibase.util                           : Run:                          1
2025-10-26T11:08:13.287+02:00  INFO 36874 --- [kolegova] [           main] liquibase.util                           : Previously run:               0
2025-10-26T11:08:13.287+02:00  INFO 36874 --- [kolegova] [           main] liquibase.util                           : Filtered out:                 0
2025-10-26T11:08:13.287+02:00  INFO 36874 --- [kolegova] [           main] liquibase.util                           : -------------------------------
2025-10-26T11:08:13.287+02:00  INFO 36874 --- [kolegova] [           main] liquibase.util                           : Total change sets:            1
2025-10-26T11:08:13.288+02:00  INFO 36874 --- [kolegova] [           main] liquibase.util                           : Update summary generated
2025-10-26T11:08:13.289+02:00  INFO 36874 --- [kolegova] [           main] liquibase.command                        : Update command completed successfully.
2025-10-26T11:08:13.289+02:00  INFO 36874 --- [kolegova] [           main] liquibase.ui                             : Liquibase: Update has been successful. Rows affected: 1
2025-10-26T11:08:13.291+02:00  INFO 36874 --- [kolegova] [           main] liquibase.lockservice                    : Successfully released change log lock
2025-10-26T11:08:13.292+02:00  INFO 36874 --- [kolegova] [           main] liquibase.command                        : Command execution complete
2025-10-26T11:08:14.217+02:00  INFO 36874 --- [kolegova] [           main] o.hibernate.jpa.internal.util.LogHelper  : HHH000204: Processing PersistenceUnitInfo [name: default]
2025-10-26T11:08:14.271+02:00  INFO 36874 --- [kolegova] [           main] org.hibernate.Version                    : HHH000412: Hibernate ORM core version 6.6.33.Final
2025-10-26T11:08:14.296+02:00  INFO 36874 --- [kolegova] [           main] o.h.c.internal.RegionFactoryInitiator    : HHH000026: Second-level cache disabled
2025-10-26T11:08:14.584+02:00  INFO 36874 --- [kolegova] [           main] o.s.o.j.p.SpringPersistenceUnitInfo      : No LoadTimeWeaver setup: ignoring JPA class transformer
2025-10-26T11:08:14.631+02:00  WARN 36874 --- [kolegova] [           main] org.hibernate.orm.deprecation            : HHH90000025: PostgreSQLDialect does not need to be specified explicitly using 'hibernate.dialect' (remove the property setting and it will be selected by default)
2025-10-26T11:08:14.658+02:00  INFO 36874 --- [kolegova] [           main] org.hibernate.orm.connections.pooling    : HHH10001005: Database info:
	Database JDBC URL [Connecting through datasource 'HikariDataSource (HikariPool-1)']
	Database driver: undefined/unknown
	Database version: 18.0
	Autocommit mode: undefined/unknown
	Isolation level: undefined/unknown
	Minimum pool size: undefined/unknown
	Maximum pool size: undefined/unknown
2025-10-26T11:08:14.967+02:00  INFO 36874 --- [kolegova] [           main] o.h.e.t.j.p.i.JtaPlatformInitiator       : HHH000489: No JTA platform available (set 'hibernate.transaction.jta.platform' to enable JTA platform integration)
2025-10-26T11:08:14.969+02:00  INFO 36874 --- [kolegova] [           main] j.LocalContainerEntityManagerFactoryBean : Initialized JPA EntityManagerFactory for persistence unit 'default'
2025-10-26T11:08:14.996+02:00  WARN 36874 --- [kolegova] [           main] JpaBaseConfiguration$JpaWebConfiguration : spring.jpa.open-in-view is enabled by default. Therefore, database queries may be performed during view rendering. Explicitly configure spring.jpa.open-in-view to disable this warning
2025-10-26T11:08:15.368+02:00  WARN 36874 --- [kolegova] [           main] ConfigServletWebServerApplicationContext : Exception encountered during context initialization - cancelling refresh attempt: org.springframework.context.ApplicationContextException: Failed to start bean 'webServerStartStop'
2025-10-26T11:08:15.372+02:00  INFO 36874 --- [kolegova] [           main] j.LocalContainerEntityManagerFactoryBean : Closing JPA EntityManagerFactory for persistence unit 'default'
2025-10-26T11:08:15.373+02:00  INFO 36874 --- [kolegova] [           main] com.zaxxer.hikari.HikariDataSource       : HikariPool-1 - Shutdown initiated...
2025-10-26T11:08:15.375+02:00  INFO 36874 --- [kolegova] [           main] com.zaxxer.hikari.HikariDataSource       : HikariPool-1 - Shutdown completed.
2025-10-26T11:08:15.385+02:00  INFO 36874 --- [kolegova] [           main] .s.b.a.l.ConditionEvaluationReportLogger : 

Error starting ApplicationContext. To display the condition evaluation report re-run your application with 'debug' enabled.
2025-10-26T11:08:15.429+02:00 ERROR 36874 --- [kolegova] [           main] o.s.b.d.LoggingFailureAnalysisReporter   : 

***************************
APPLICATION FAILED TO START
***************************

Description:

Web server failed to start. Port 8080 was already in use.

Action:

Identify and stop the process that's listening on port 8080 or configure this application to listen on another port.

[INFO] ------------------------------------------------------------------------
[INFO] BUILD FAILURE
[INFO] ------------------------------------------------------------------------
[INFO] Total time:  5.260 s
[INFO] Finished at: 2025-10-26T11:08:15+02:00
[INFO] ------------------------------------------------------------------------
[ERROR] Failed to execute goal org.springframework.boot:spring-boot-maven-plugin:3.5.7:run (default-cli) on project kolegova: Process terminated with exit code: 1 -> [Help 1]
[ERROR] 
[ERROR] To see the full stack trace of the errors, re-run Maven with the -e switch.
[ERROR] Re-run Maven using the -X switch to enable full debug logging.
[ERROR] 
[ERROR] For more information about the errors and possible solutions, please read the following articles:
[ERROR] [Help 1] http://cwiki.apache.org/confluence/display/MAVEN/MojoExecutionException
